<?xml version="1.0" encoding="UTF-8"?>
<testng-results ignored="0" total="1" passed="1" failed="0" skipped="0">
  <reporter-output>
  </reporter-output>
  <suite started-at="2024-08-26T10:33:10 IST" name="Default suite" finished-at="2024-08-26T10:33:22 IST" duration-ms="11921">
    <groups>
    </groups>
    <test started-at="2024-08-26T10:33:10 IST" name="Default test" finished-at="2024-08-26T10:33:22 IST" duration-ms="11921">
      <class name="demo_testngpack.fblogin">
        <test-method is-config="true" signature="beforeTest()[pri:0, instance:demo_testngpack.fblogin@5c33f1a9]" started-at="2024-08-26T10:33:10 IST" name="beforeTest" finished-at="2024-08-26T10:33:13 IST" duration-ms="3319" status="PASS">
          <reporter-output>
          </reporter-output>
        </test-method> <!-- beforeTest -->
        <test-method signature="f()[pri:0, instance:demo_testngpack.fblogin@5c33f1a9]" started-at="2024-08-26T10:33:13 IST" name="f" finished-at="2024-08-26T10:33:16 IST" duration-ms="2352" status="PASS">
          <reporter-output>
          </reporter-output>
        </test-method> <!-- f -->
        <test-method is-config="true" signature="afterTest()[pri:0, instance:demo_testngpack.fblogin@5c33f1a9]" started-at="2024-08-26T10:33:16 IST" name="afterTest" finished-at="2024-08-26T10:33:22 IST" duration-ms="6197" status="PASS">
          <reporter-output>
          </reporter-output>
        </test-method> <!-- afterTest -->
      </class> <!-- demo_testngpack.fblogin -->
    </test> <!-- Default test -->
  </suite> <!-- Default suite -->
</testng-results>
